d:\nyu\syllabus\spring 2020\big data\project\fre7831_project_pc\x64\debug\vc142.pdb
d:\nyu\syllabus\spring 2020\big data\project\fre7831_project_pc\x64\debug\vc142.idb
d:\nyu\syllabus\spring 2020\big data\project\fre7831_project_pc\x64\debug\sqlite3.obj
d:\nyu\syllabus\spring 2020\big data\project\fre7831_project_pc\x64\debug\marketdata.obj
d:\nyu\syllabus\spring 2020\big data\project\fre7831_project_pc\x64\debug\main.obj
d:\nyu\syllabus\spring 2020\big data\project\fre7831_project_pc\x64\debug\database.obj
d:\nyu\syllabus\spring 2020\big data\project\fre7831_project_pc\x64\debug\retrievedata.obj
d:\nyu\syllabus\spring 2020\big data\fre7831_project_pc\x64\debug\vc142.pdb
d:\nyu\syllabus\spring 2020\big data\fre7831_project_pc\x64\debug\vc142.idb
d:\nyu\syllabus\spring 2020\big data\fre7831_project_pc\x64\debug\retrievedata.obj
d:\nyu\syllabus\spring 2020\big data\fre7831_project_pc\x64\debug\marketdata.obj
d:\nyu\syllabus\spring 2020\big data\fre7831_project_pc\x64\debug\main.obj
d:\nyu\syllabus\spring 2020\big data\fre7831_project_pc\x64\debug\database.obj
d:\nyu\syllabus\spring 2020\big data\fre7831_project_pc\x64\debug\sqlite3.obj
d:\nyu\syllabus\spring 2020\big data\project\fre7831_project_pc\x64\debug\fre7831_project_pc.exe
d:\nyu\syllabus\spring 2020\big data\project\fre7831_project_pc\x64\debug\fre7831_project_pc.ilk
d:\nyu\syllabus\spring 2020\big data\project\fre7831_project_pc\x64\debug\fre7831_project_pc.pdb
d:\nyu\syllabus\spring 2020\big data\fre7831_project_pc\x64\debug\fre7831_project_pc.pdb
d:\nyu\syllabus\spring 2020\big data\fre7831_project_pc\x64\debug\fre7831_.935eec3b.tlog\cl.command.1.tlog
d:\nyu\syllabus\spring 2020\big data\fre7831_project_pc\x64\debug\fre7831_.935eec3b.tlog\cl.read.1.tlog
d:\nyu\syllabus\spring 2020\big data\fre7831_project_pc\x64\debug\fre7831_.935eec3b.tlog\cl.write.1.tlog
d:\nyu\syllabus\spring 2020\big data\fre7831_project_pc\x64\debug\fre7831_.935eec3b.tlog\link-cvtres.read.1.tlog
d:\nyu\syllabus\spring 2020\big data\fre7831_project_pc\x64\debug\fre7831_.935eec3b.tlog\link-cvtres.write.1.tlog
d:\nyu\syllabus\spring 2020\big data\fre7831_project_pc\x64\debug\fre7831_.935eec3b.tlog\link-rc.read.1.tlog
d:\nyu\syllabus\spring 2020\big data\fre7831_project_pc\x64\debug\fre7831_.935eec3b.tlog\link-rc.write.1.tlog
d:\nyu\syllabus\spring 2020\big data\fre7831_project_pc\x64\debug\fre7831_.935eec3b.tlog\link.command.1.tlog
d:\nyu\syllabus\spring 2020\big data\fre7831_project_pc\x64\debug\fre7831_.935eec3b.tlog\link.read.1.tlog
d:\nyu\syllabus\spring 2020\big data\fre7831_project_pc\x64\debug\fre7831_.935eec3b.tlog\link.write.1.tlog
